:::::::::::Almacenes::::::::::

ERROR: Linea sin todos los campos
:::::::::::Almacenes::::::::::

ERROR: Linea sin todos los campos
:::::::::::Almacenes::::::::::

ERROR: Linea sin todos los campos
:::::::::::Almacenes::::::::::

ERROR: Linea sin todos los campos
:::::::::::Almacenes::::::::::

ERROR: Linea sin todos los campos
:::::::::::Almacenes::::::::::

ERROR: Linea sin todos los campos
:::::::::::Almacenes::::::::::

ERROR: Linea sin todos los campos
:::::::::::Almacenes::::::::::

ERROR: Linea sin todos los campos
:::::::::::Almacenes::::::::::

ERROR: Linea sin todos los campos
:::::::::::Almacenes::::::::::

ERROR: Linea sin todos los campos
:::::::::::Almacenes::::::::::

ERROR: Linea sin todos los campos
:::::::::::Almacenes::::::::::

ERROR: Linea sin todos los campos
:::::::::::Almacenes::::::::::

ERROR: Linea sin todos los campos
:::::::::::Almacenes::::::::::

ERROR: Linea sin todos los campos
:::::::::::Ventas::::::::::

ERROR: Linea sin todos los campos
